\BOOKMARK [1][-]{section*.1}{\376\377\004\022\004\022\004\025\004\024\004\025\004\035\004\030\004\025}{}% 1
\BOOKMARK [1][-]{section.1}{\376\377\004\043\004\064\004\060\004\073\004\065\004\075\004\070\004\065\000\040\004\060\004\100\004\102\004\065\004\104\004\060\004\072\004\102\004\076\004\062}{}% 2
\BOOKMARK [2][-]{subsection.1.1}{\376\377\004\042\004\070\004\077\004\113\000\040\004\060\004\100\004\102\004\065\004\104\004\060\004\072\004\102\004\076\004\062}{section.1}% 3
\BOOKMARK [2][-]{subsection.1.2}{\376\377\004\034\004\065\004\102\004\076\004\064\004\113\000\040\004\103\004\064\004\060\004\073\004\065\004\075\004\070\004\117\000\040\004\060\004\100\004\102\004\065\004\104\004\060\004\072\004\102\004\076\004\062}{section.1}% 4
\BOOKMARK [1][-]{section.2}{\376\377\004\022\004\113\004\100\004\060\004\062\004\075\004\070\004\062\004\060\004\075\004\070\004\065\000\040\004\061\004\060\004\073\004\060\004\075\004\101\004\060}{}% 5
\BOOKMARK [1][-]{section.3}{\376\377\004\022\004\076\004\101\004\077\004\100\004\070\004\117\004\102\004\070\004\065\000\040\004\067\004\062\004\103\004\072\004\060\000\040\004\070\000\040\004\100\004\065\004\072\004\076\004\074\004\065\004\075\004\064\004\060\004\106\004\070\004\070\000\040\004\077\004\076\000\040\004\106\004\070\004\104\004\100\004\076\004\062\004\076\004\071\000\040\004\076\004\061\004\100\004\060\004\061\004\076\004\102\004\072\004\065}{}% 6
\BOOKMARK [2][-]{subsection.3.1}{\376\377\004\040\004\065\004\072\004\076\004\074\004\065\004\075\004\064\004\060\004\106\004\070\004\070\000\040\004\077\004\076\000\040\004\106\004\070\004\104\004\100\004\076\004\062\004\076\004\071\000\040\004\076\004\061\004\100\004\060\004\061\004\076\004\102\004\072\004\065\000\040\004\067\004\062\004\103\004\072\004\060}{section.3}% 7
\BOOKMARK [2][-]{subsection.3.2}{\376\377\004\037\004\076\004\073\004\065\004\067\004\075\004\113\004\065\000\040\004\101\004\076\004\062\004\065\004\102\004\113}{section.3}% 8
\BOOKMARK [1][-]{section.4}{\376\377\004\045\004\060\004\100\004\060\004\072\004\102\004\065\004\100\004\070\004\101\004\102\004\070\004\072\004\070\000\040\004\076\004\061\004\073\004\060\004\101\004\102\004\065\004\071\000\040\004\067\004\062\004\103\004\072\004\076\004\062\004\076\004\063\004\076\000\040\004\064\004\070\004\060\004\077\004\060\004\067\004\076\004\075\004\060\000\040\004\064\004\073\004\117\000\040\004\062\004\076\004\101\004\077\004\100\004\070\004\117\004\102\004\070\004\117}{}% 9
\BOOKMARK [2][-]{subsection.4.1}{\376\377\004\027\004\062\004\103\004\072\004\076\004\062\004\076\004\071\000\040\004\064\004\070\004\060\004\077\004\060\004\067\004\076\004\075}{section.4}% 10
\BOOKMARK [1][-]{section.5}{\376\377\004\055\004\072\004\062\004\060\004\073\004\060\004\071\004\067\004\065\004\100}{}% 11
\BOOKMARK [2][-]{subsection.5.1}{\376\377\004\027\004\062\004\103\004\072\004\076\004\062\004\076\004\071\000\040\004\115\004\072\004\062\004\060\004\073\004\060\004\071\004\067\004\065\004\100}{section.5}% 12
\BOOKMARK [2][-]{subsection.5.2}{\376\377\004\040\004\065\004\072\004\076\004\074\004\065\004\075\004\064\004\060\004\106\004\070\004\070\000\040\004\077\004\076\000\040\004\076\004\061\004\100\004\060\004\061\004\076\004\102\004\072\004\065\000\040\004\067\004\062\004\103\004\072\004\060\000\040\004\115\004\072\004\062\004\060\004\073\004\060\004\071\004\067\004\065\004\100\004\076\004\074}{section.5}% 13
\BOOKMARK [1][-]{section.6}{\376\377\004\040\004\065\004\072\004\076\004\074\004\065\004\075\004\064\004\060\004\106\004\070\004\070\000\040\004\077\004\076\000\040\004\076\004\061\004\100\004\060\004\061\004\076\004\102\004\072\004\065\000\040\004\063\004\076\004\073\004\076\004\101\004\060}{}% 14
\BOOKMARK [1][-]{section.7}{\376\377\004\024\004\070\004\060\004\077\004\060\004\067\004\076\004\075\004\113\000\040\004\107\004\060\004\101\004\102\004\076\004\102\004\075\004\076\004\063\004\076\000\040\004\101\004\077\004\065\004\072\004\102\004\100\004\060\000\040\004\063\004\076\004\073\004\076\004\101\004\060}{}% 15
\BOOKMARK [1][-]{section.8}{\376\377\004\041\004\066\004\060\004\102\004\070\004\065\000\040\004\106\004\070\004\104\004\100\004\076\004\062\004\076\004\063\004\076\000\040\004\067\004\062\004\103\004\072\004\060}{}% 16
\BOOKMARK [2][-]{subsection.8.1}{\376\377\004\037\004\076\004\102\004\065\004\100\004\114\004\075\004\076\004\065\000\040\004\101\004\066\004\060\004\102\004\070\004\065\000\040\000\050\000L\000o\000s\000s\000y\000\040\000C\000o\000m\000p\000r\000e\000s\000s\000i\000o\000n\000\051}{section.8}% 17
\BOOKMARK [2][-]{subsection.8.2}{\376\377\004\041\004\066\004\060\004\102\004\070\004\065\000\040\004\061\004\065\004\067\000\040\004\077\004\076\004\102\004\065\004\100\004\114\000\040\000\050\000L\000o\000s\000s\000l\000e\000s\000s\000\040\000C\000o\000m\000p\000r\000e\000s\000s\000i\000o\000n\000\051}{section.8}% 18
\BOOKMARK [2][-]{subsection.8.3}{\376\377\004\037\004\100\004\070\004\075\004\106\004\070\004\077\004\113\000\040\004\100\004\060\004\061\004\076\004\102\004\113\000\040\004\101\004\066\004\060\004\102\004\070\004\117}{section.8}% 19
\BOOKMARK [2][-]{subsection.8.4}{\376\377\004\022\004\113\004\061\004\076\004\100\000\040\004\104\004\076\004\100\004\074\004\060\004\102\004\060}{section.8}% 20
\BOOKMARK [1][-]{section*.5}{\376\377\004\027\004\020\004\032\004\033\004\056\004\047\004\025\004\035\004\030\004\025}{}% 21
